<?xml version='1.0' encoding='utf-8'?>
<testsuites name="pytest tests"><testsuite name="pytest" errors="0" failures="0" skipped="21" tests="3247" time="536.900" timestamp="2026-07-28T02:25:12.227515-07:00" hostname="local-host"><properties>
[...]
</properties><testcase classname="tests.cli.test_command_tree" name="test_every_public_command_has_stable_help[init]" time="0.294" /><testcase classname="tests.cli.test_command_tree" name="test_every_public_command_has_stable_help[validate]" time="0.020" /><testcase classname="tests.cli.test_command_tree" name="test_every_public_command_has_stable_help[plan]" time="0.017" /><testcase classname="tests.cli.test_command_tree" name="test_every_public_command_has_stable_help[run]" time="0.021" /><testcase classname="tests.cli.test_command_tree" name="test_every_public_command_has_stable_help[resume]" time="0.025" /><testcase classname="tests.cli.test_command_tree" name="test_every_public_command_has_stable_help[replay]" time="0.022" /><testcase classname="tests.cli.test_command_tree" name="test_every_public_command_has_stable_help[inspect]" time="0.019" /><testcase classname="tests.cli.test_command_tree" name="test_every_public_command_has_stable_help[report]" time="0.016" /><testcase classname="tests.cli.test_command_tree" name="test_every_public_command_has_stable_help[version]" time="0.014" /><testcase classname="tests.cli.test_command_tree" name="test_version_json_is_one_document" time="0.011" /><testcase classname="tests.cli.test_command_tree" name="test_validate_is_offline_and_does_not_launch_observer" time="0.179" /><testcase classname="tests.cli.test_command_tree" name="test_unsupported_schema_is_exit_six_with_supported_range" time="0.125" /><testcase classname="tests.cli.test_command_tree" name="test_failed_validation_keeps_default_stdout_empty" time="0.059" /><testcase classname="tests.cli.test_command_tree" name="test_plan_is_secret_free_and_prints_destination" time="0.239" /><testcase classname="tests.cli.test_command_tree" name="test_run_manifest_executes_verified_bundle_with_fresh_config" time="0.193" /><testcase classname="tests.cli.test_command_tree" name="test_loaded_public_execution_validates_locally_before_nonce_contact[run]" time="0.015" /><testcase classname="tests.cli.test_command_tree" name="test_loaded_public_execution_validates_locally_before_nonce_contact[replay]" time="0.016" /><testcase classname="tests.cli.test_command_tree" name="test_undeclared_target_override_is_rejected_by_parser" time="0.053" /><testcase classname="tests.cli.test_command_tree" name="test_public_target_requires_matching_cli_consent_before_network" time="0.162" /><testcase classname="tests.cli.test_command_tree" name="test_internal_error_has_incident_and_debug_controls_traceback" time="0.257" /><testcase classname="tests.cli.test_command_tree" name="test_resume_ambiguity_without_policy_is_offline_exit_four" time="0.015" /><testcase classname="tests.cli.test_command_tree" name="test_resume_continue_executes_same_run_and_emits_terminal_result" time="0.015" /><testcase classname="tests.cli.test_command_tree" name="test_resume_preserves_classified_public_preflight_exit" time="0.014" /><testcase classname="tests.cli.test_command_tree" name="test_public_resume_validates_before_challenge_and_challenges_before_send[valid]" time="0.007" /><testcase classname="tests.cli.test_command_tree" name="test_public_resume_validates_before_challenge_and_challenges_before_send[invalid]" time="0.008" /><testcase classname="tests.cli.test_command_tree" name="test_inspect_raw_artifacts_requires_explicit_flag_and_warns" time="0.030" /><testcase classname="tests.cli.test_command_tree" name="test_no_color_and_hostile_text_never_emit_terminal_controls" time="0.030" /><testcase classname="tests.cli.test_command_tree" name="test_terminal_result_mapping_is_identical_across_execution_surfaces" time="0.001" /><testcase classname="tests.cli.test_inspect_report" name="test_every_identifier_kind_returns_the_same_exact_causal_chain[scenario-scenario_00000000000000000000000001]" time="0.002" /><testcase classname="tests.cli.test_inspect_report" name="test_every_identifier_kind_returns_the_same_exact_causal_chain[event-event_00000000000000000000000001]" time="0.002" /><testcase classname="tests.cli.test_inspect_report" name="test_every_identifier_kind_returns_the_same_exact_causal_chain[delivery-delivery_00000000000000000000000001]" time="0.002" /><testcase classname="tests.cli.test_inspect_report" name="test_every_identifier_kind_returns_the_same_exact_causal_chain[attempt-attempt_00000000000000000000000001]" time="0.002" /><testcase classname="tests.cli.test_inspect_report" name="test_every_identifier_kind_returns_the_same_exact_causal_chain[observation-observation_00000000000000000000000001]" time="0.002" /><testcase classname="tests.cli.test_inspect_report" name="test_every_identifier_kind_returns_the_same_exact_causal_chain[assertion-assertion_00000000000000000000000001]" time="0.002" /><testcase classname="tests.cli.test_inspect_report" name="test_every_identifier_kind_returns_the_same_exact_causal_chain[diagnostic-diagnostic.signature-rejected]" time="0.002" /><testcase classname="tests.cli.test_inspect_report" name="test_signature_rejection_links_mutation_response_and_no_processing" time="0.002" /><testcase classname="tests.cli.test_inspect_report" name="test_raw_blob_paths_require_explicit_option_and_tty_warning" time="0.003" /><testcase classname="tests.cli.test_inspect_report" name="test_broken_exact_causal_edge_fails_closed" time="0.002" /><testcase classname="tests.cli.test_inspect_report" name="test_report_selection_and_views_include_only_requested_formats" time="0.002" /><testcase classname="tests.cli.test_inspect_report" name="test_inspect_and_report_help_exit_zero_and_state_their_job" time="0.037" /><testcase classname="tests.crash.test_crash_harness" name="test_generated_matrix_has_complete_p0_boundary_coverage" time="1.341" /><testcase classname="tests.crash.test_crash_harness" name="test_every_migration_statement_and_ledger_phase_is_covered" time="1.257" /><testcase classname="tests.crash.test_crash_harness" name="test_report_install_is_atomic_when_replace_is_interrupted" time="0.043" /><testcase classname="tests.crash.test_crash_harness" name="test_controller_executes_real_evidence_and_exposes_only_hashes" time="99.895" /><testcase classname="tests.e2e.test_acknowledge_before_commit_receiver" name="test_success_is_visible_before_business_state_is_durable" time="0.079" /><testcase classname="tests.e2e.test_check_then_insert_race_receiver" name="test_concurrent_deliveries_pass_split_check_twice" time="0.085" /><testcase classname="tests.e2e.test_cli_local_invocation" name="test_installed_cli_runs_loads_replays_and_inspects_a_local_bundle" time="11.483" /><testcase classname="tests.e2e.test_correct_receiver" name="test_all_profiles_process_exactly_once[generic-hmac-sha256]" time="0.080" /><testcase classname="tests.e2e.test_correct_receiver" name="test_all_profiles_process_exactly_once[stripe-v1]" time="0.069" /><testcase classname="tests.e2e.test_correct_receiver" name="test_all_profiles_process_exactly_once[standard-webhooks-hmac]" time="0.067" /><testcase classname="tests.e2e.test_correct_receiver" name="test_stale_or_body_altered_request_has_no_state[generic-hmac-sha256]" time="0.049" /><testcase classname="tests.e2e.test_correct_receiver" name="test_stale_or_body_altered_request_has_no_state[stripe-v1]" time="0.055" /><testcase classname="tests.e2e.test_correct_receiver" name="test_stale_or_body_altered_request_has_no_state[standard-webhooks-hmac]" time="0.053" /><testcase classname="tests.e2e.test_correct_receiver" name="test_concurrent_duplicate_is_atomic" time="0.155" /><testcase classname="tests.e2e.test_correct_receiver" name="test_dependency_reversal_is_staged_then_resolved" time="0.082" /><testcase classname="tests.e2e.test_correct_receiver" name="test_rotation_old_only_overlap_and_new_only" time="0.102" /><testcase classname="tests.e2e.test_correct_receiver" name="test_probe_is_authenticated_minimized_read_only_and_content_addressed" time="0.082" /><testcase classname="tests.e2e.test_correct_receiver" name="test_constant_time_primitive_is_static_contract" time="0.003" /><testcase classname="tests.e2e.test_correct_receiver" name="test_asgi_webhook_health_and_minimized_probe" time="0.092" /><testcase classname="tests.e2e.test_crash_after_effect_before_ack_receiver" name="test_crash_occurs_after_effect_is_durable_and_retry_is_duplicate" time="0.105" /><testcase classname="tests.e2e.test_no_idempotency_record_receiver" name="test_duplicate_delivery_creates_two_business_effects" time="0.121" /><testcase classname="tests.e2e.test_order_assuming_receiver" name="test_refund_before_success_is_rejected_instead_of_staged" time="0.060" /><testcase classname="tests.e2e.test_reference_corpus" name="test_p0_reference_corpus_matrix_is_exact_and_local_only" time="11.005" /><testcase classname="tests.e2e.test_sensitive_logging_receiver" name="test_body_pii_and_key_material_are_written_to_warning_log" time="0.075" /><testcase classname="tests.e2e.test_side_effect_before_deduplication_receiver" name="test_crash_leaves_effect_without_logical_identity" time="0.059" /><testcase classname="tests.e2e.test_signature_after_parse_receiver" name="test_signature_over_reserialized_bytes_accepts_different_wire_bytes" time="0.068" /><testcase classname="tests.e2e.test_stale_signature_accepting_receiver" name="test_stale_signature_is_accepted_and_mutates_business_state" time="0.079" /><testcase classname="tests.e2e.test_vertical_slice" name="test_vertical_slice_is_local_durable_isolated_and_non_destructive" time="1.985" /><testcase classname="tests.e2e.test_vertical_slice" name="test_run_help_describes_the_durable_local_job" time="0.014" /><testcase classname="tests.golden.reference-corpus.test_golden_reference_corpus" name="test_golden_matrix_is_closed_and_attributes_one_primary_defect" time="0.001" /><testcase classname="tests.integration.test_assertion_lifecycle" name="test_transport_lifecycle_persists_exact_terminal_classification[204-passed-pass-0]" time="0.209" /><testcase classname="tests.integration.test_assertion_lifecycle" name="test_transport_lifecycle_persists_exact_terminal_classification[500-failed-receiver_failure-1]" time="0.182" /><testcase classname="tests.integration.test_assertion_lifecycle" name="test_transport_lifecycle_persists_exact_terminal_classification[None-error-environment_error-3]" time="0.182" /><testcase classname="tests.integration.test_assertion_lifecycle" name="test_missing_required_observation_is_error_not_receiver_failure" time="0.192" /><testcase classname="tests.integration.test_assertion_lifecycle" name="test_capability_mismatch_is_unsupported_before_polling" time="0.199" /><testcase classname="tests.integration.test_assertion_lifecycle" name="test_skip_policy_persists_skipped_evaluation_and_unsupported_state" time="0.171" /><testcase classname="tests.integration.test_assertion_lifecycle" name="test_observer_timeout_is_environment_error_and_retains_every_sample" time="0.178" /><testcase classname="tests.integration.test_assertion_lifecycle" name="test_attempt_and_observation_evidence_remain_separately_typed" time="0.219" /><testcase classname="tests.integration.test_assertion_lifecycle" name="test_terminal_evaluation_and_links_roll_back_together_on_crash" time="0.190" /><testcase classname="tests.integration.test_assertion_lifecycle" name="test_cancelled_assertion_has_no_fabricated_evaluation" time="0.184" /><testcase classname="tests.integration.test_assertion_lifecycle" name="test_sensitive_actual_value_is_redacted_before_persistence" time="0.177" /><testcase classname="tests.integration.test_assertion_lifecycle" name="test_run_completion_rejects_required_nonterminal_delivery" time="0.152" /><testcase classname="tests.integration.test_assertion_lifecycle" name="test_builtin_registry_and_contract_cases_are_locked_together" time="0.002" /><testcase classname="tests.integration.test_assertion_lifecycle" name="test_verdict_classification_is_exact_and_durable_terminal_wins" time="0.001" /><testcase classname="tests.integration.test_attempt_lifecycle" name="test_runtime_context_rejects_hostile_boundaries[run_id-not-a-run]" time="0.002" /><testcase classname="tests.integration.test_attempt_lifecycle" name="test_runtime_context_rejects_hostile_boundaries[scenario_id-scenario_bad]" time="0.002" /><testcase classname="tests.integration.test_attempt_lifecycle" name="test_runtime_context_rejects_hostile_boundaries[event_id-event_bad]" time="0.002" /><testcase classname="tests.integration.test_attempt_lifecycle" name="test_runtime_context_rejects_hostile_boundaries[delivery_id-delivery_bad]" time="0.002" /><testcase classname="tests.integration.test_attempt_lifecycle" name="test_runtime_context_rejects_hostile_boundaries[attempt_id-attempt_plan_00000000000000000000000001]" time="0.003" /><testcase classname="tests.integration.test_attempt_lifecycle" name="test_runtime_context_rejects_hostile_boundaries[owner_epoch--1]" time="0.002" /><testcase classname="tests.integration.test_attempt_lifecycle" name="test_runtime_context_rejects_hostile_boundaries[owner_epoch-9223372036854775808]" time="0.002" /><testcase classname="tests.integration.test_attempt_lifecycle" name="test_runtime_context_rejects_hostile_boundaries[logical_time_ns--9007199254740992]" time="0.002" /><testcase classname="tests.integration.test_attempt_lifecycle" name="test_runtime_context_rejects_hostile_boundaries[logical_time_ns-9007199254740992]" time="0.002" /><testcase classname="tests.integration.test_attempt_lifecycle" name="test_runtime_context_rejects_hostile_boundaries[scenario_ordinal-True]" time="0.002" /><testcase classname="tests.integration.test_attempt_lifecycle" name="test_runtime_context_rejects_hostile_boundaries[step_ordinal--1]" time="0.002" /><testcase classname="tests.integration.test_attempt_lifecycle" name="test_runtime_context_rejects_hostile_boundaries[delivery_ordinal-9007199254740992]" time="0.002" /><testcase classname="tests.integration.test_attempt_lifecycle" name="test_runtime_context_rejects_hostile_boundaries[attempt_ordinal--1]" time="0.002" /><testcase classname="tests.integration.test_attempt_lifecycle" name="test_runtime_context_accepts_signed_safe_logical_time" time="0.002" /><testcase classname="tests.integration.test_attempt_lifecycle" name="test_response_lifecycle_is_fully_journaled[HTTP/1.1 204 No Content\r\n\r\n-succeeded]" time="0.331" /><testcase classname="tests.integration.test_attempt_lifecycle" name="test_response_lifecycle_is_fully_journaled[HTTP/1.1 422 Nope\r\nContent-Length: 0\r\n\r\n-rejected]" time="0.303" /><testcase classname="tests.integration.test_attempt_lifecycle" name="test_stale_owner_fails_before_network_io" time="0.166" /><testcase classname="tests.integration.test_attempt_lifecycle" name="test_failure_before_connection_leaves_scanner_classifiable_pre_send" time="0.200" /><testcase classname="tests.integration.test_attempt_lifecycle" name="test_terminal_failpoints_expose_no_partial_attempt_record[after_phase_evidence-6]" time="0.308" /><testcase classname="tests.integration.test_attempt_lifecycle" name="test_terminal_failpoints_expose_no_partial_attempt_record[after_attempt_record-1]" time="0.297" /><testcase classname="tests.integration.test_attempt_lifecycle" name="test_terminal_failpoints_expose_no_partial_attempt_record[after_derived_schedule-7]" time="0.307" /><testcase classname="tests.integration.test_attempt_lifecycle" name="test_crash_after_durable_response_recovers_exact_result_without_resend[case0]" time="0.292" /><testcase classname="tests.integration.test_attempt_lifecycle" name="test_crash_after_durable_response_recovers_exact_result_without_resend[case1]" time="0.344" /><testcase classname="tests.integration.test_attempt_lifecycle" name="test_cancellation_during_connect_is_recovered_conservatively" time="0.190" /><testcase classname="tests.integration.test_attempt_lifecycle" name="test_total_timeout_after_committed_checkpoint_reloads_durable_sending" time="0.475" /><testcase classname="tests.integration.test_attempt_lifecycle" name="test_preconnection_failure_is_not_sent_and_retry_is_atomic[connection]" time="0.216" /><testcase classname="tests.integration.test_attempt_lifecycle" name="test_preconnection_failure_is_not_sent_and_retry_is_atomic[dns]" time="0.214" /><testcase classname="tests.integration.test_attempt_lifecycle" name="test_connect_timeout_is_not_sent_with_compatible_connection_evidence" time="0.232" /><testcase classname="tests.integration.test_attempt_lifecycle" name="test_post_connection_timeout_is_unknown[write-request_send_started]" time="0.241" /><testcase classname="tests.integration.test_attempt_lifecycle" name="test_post_connection_timeout_is_unknown[read-awaiting_response]" time="0.241" /><testcase classname="tests.integration.test_attempt_lifecycle" name="test_incomplete_response_body_is_unknown_not_response_observed" time="0.231" /><testcase classname="tests.integration.test_attempt_lifecycle" name="test_header_digest_preserves_order_duplicates_and_owner_without_values" time="0.252" /><testcase classname="tests.integration.test_cancellation" name="test_sigint_cancels_task_group_closes_resource_and_returns_130" time="0.004" /><testcase classname="tests.integration.test_cancellation" name="test_known_transition_survives_cancellation_without_receiver_result" time="0.214" /><testcase classname="tests.integration.test_cancellation" name="test_cleanup_callbacks_are_bounded_and_completion_is_preserved" time="0.028" /><testcase classname="tests.integration.test_full_run_runner" name="test_legacy_resume_rejects_public_target_before_any_fixture_work" time="0.015" /><testcase classname="tests.integration.test_full_run_runner" name="test_public_resume_challenge_rejects_caller_fabricated_evidence_callback" time="0.004" /><testcase classname="tests.integration.test_full_run_runner" name="test_executes_all_deliveries_waits_and_releases_concurrency" time="1.226" /><testcase classname="tests.integration.test_full_run_runner" name="test_same_time_dependency_reversal_preserves_manifest_stable_order" time="1.062" /><testcase classname="tests.integration.test_full_run_runner" name="test_conditional_retry_uses_persisted_schedule_and_last_terminal_assertion" time="1.340" /><testcase classname="tests.integration.test_full_run_runner" name="test_resume_continues_same_run_once_and_regenerates_complete_reports" time="1.295" /><testcase classname="tests.integration.test_full_run_runner" name="test_resume_reconciles_terminal_attempt_before_continuation_without_resend" time="1.382" /><testcase classname="tests.integration.test_full_run_runner" name="test_retained_request_body_spool_reads_adjacent_segments_exactly" time="0.001" /><testcase classname="tests.integration.test_full_run_runner" name="test_resume_reduces_v4_staged_response_and_delivery_before_resend[204-succeeded-satisfied-pass]" time="1.390" /><testcase classname="tests.integration.test_full_run_runner" name="test_resume_reduces_v4_staged_response_and_delivery_before_resend[400-rejected-exhausted-receiver_failure]" time="1.406" /><testcase classname="tests.integration.test_full_run_runner" name="test_resume_preserves_terminal_assertion_and_evaluates_only_pending" time="1.425" /><testcase classname="tests.integration.test_full_run_runner" name="test_resume_reuses_durable_non_read_only_observation_without_reinvocation[pending]" time="1.904" /><testcase classname="tests.integration.test_full_run_runner" name="test_resume_reuses_durable_non_read_only_observation_without_reinvocation[running]" time="1.882" /><testcase classname="tests.integration.test_full_run_runner" name="test_resume_does_not_reinvoke_interrupted_observer_without_durable_sample" time="1.422" /><testcase classname="tests.integration.test_full_run_runner" name="test_noncrash_unknown_pauses_resumable_projections_then_redelivers" time="1.289" /><testcase classname="tests.integration.test_full_run_runner" name="test_prepare_resume_rejects_legacy_terminal_ambiguity_without_mutation_or_network" time="1.017" /><testcase classname="tests.integration.test_full_run_runner" name="test_resume_validation_rejects_cross_runner_challenge_and_execution" time="0.954" /><testcase classname="tests.integration.test_full_run_runner" name="test_duplicate_public_challenge_cannot_close_legitimate_claim" time="0.827" /><testcase classname="tests.integration.test_full_run_runner" name="test_resume_spool_faults_are_pregate_and_cleanup_safe[create]" time="0.824" /><testcase classname="tests.integration.test_full_run_runner" name="test_resume_spool_faults_are_pregate_and_cleanup_safe[write]" time="0.760" /><testcase classname="tests.integration.test_full_run_runner" name="test_resume_spool_faults_are_pregate_and_cleanup_safe[flush]" time="0.742" /><testcase classname="tests.integration.test_full_run_runner" name="test_resume_spool_faults_are_pregate_and_cleanup_safe[corrupt]" time="0.749" /><testcase classname="tests.integration.test_full_run_runner" name="test_resume_spool_faults_are_pregate_and_cleanup_safe[short]" time="0.765" /><testcase classname="tests.integration.test_full_run_runner" name="test_resume_spool_faults_are_pregate_and_cleanup_safe[unreadable]" time="0.983" /><testcase classname="tests.integration.test_full_run_runner" name="test_resume_spool_faults_are_pregate_and_cleanup_safe[seek]" time="0.778" /><testcase classname="tests.integration.test_full_run_runner" name="test_resume_spool_faults_are_pregate_and_cleanup_safe[read]" time="0.745" /><testcase classname="tests.integration.test_full_run_runner" name="test_resume_spool_faults_are_pregate_and_cleanup_safe[read-close]" time="0.711" /><testcase classname="tests.integration.test_full_run_runner" name="test_resume_spool_faults_are_pregate_and_cleanup_safe[close]" time="0.690" /><testcase classname="tests.integration.test_full_run_runner" name="test_validate_resume_freezes_request_bytes_before_public_contact" time="0.690" /><testcase classname="tests.integration.test_full_run_runner" name="test_resume_rejects_semantically_invalid_delivery_before_public_contact" time="1.038" /><testcase classname="tests.integration.test_full_run_runner" name="test_resume_executes_manifest_authorized_redelivery_once" time="1.436" /><testcase classname="tests.integration.test_full_run_runner" name="test_false_transport_assertion_fails_the_run" time="0.969" /><testcase classname="tests.integration.test_full_run_runner" name="test_absent_observer_capability_is_never_a_pass" time="0.874" /><testcase classname="tests.integration.test_full_run_runner" name="test_false_configured_observer_assertion_is_journaled_exported_and_fails_run" time="2.424" /><testcase classname="tests.integration.test_full_run_runner" name="test_loaded_bundle_execution_does_not_read_source_fixtures" time="1.382" /><testcase classname="tests.integration.test_full_run_runner" name="test_prepared_loaded_execution_ignores_all_original_bundle_mutation" time="1.197" /><testcase classname="tests.integration.test_full_run_runner" name="test_prepared_loaded_cancellation_releases_retained_snapshot" time="0.438" /><testcase classname="tests.integration.test_full_run_runner" name="test_invalid_loaded_source_is_rejected_before_contact_capability" time="0.108" /><testcase classname="tests.integration.test_full_run_runner" name="test_loaded_bundle_rejects_redirected_target_and_secret_fingerprint" time="0.513" /><testcase classname="tests.integration.test_observation_lifecycle" name="test_pending_then_ok_preserves_request_id_and_journals_fresh_samples" time="0.215" /><testcase classname="tests.integration.test_observation_lifecycle" name="test_capability_mismatch_is_persisted_unsupported_before_invocation" time="0.215" /><testcase classname="tests.integration.test_observation_lifecycle" name="test_pending_samples_become_timed_out_at_deadline_without_busy_loop" time="0.220" /><testcase classname="tests.integration.test_observation_lifecycle" name="test_non_read_only_pending_and_non_idempotent_error_are_never_retried" time="0.385" /><testcase classname="tests.integration.test_observation_lifecycle" name="test_hanging_observer_is_terminated_and_persisted_as_timeout" time="0.229" /><testcase classname="tests.integration.test_observation_lifecycle" name="test_outer_cancellation_is_persisted_and_no_observer_task_survives" time="0.220" /><testcase classname="tests.integration.test_observation_lifecycle" name="test_terminal_commit_wins_then_propagates_outer_cancellation" time="0.505" /><testcase classname="tests.integration.test_observation_lifecycle" name="test_cancellation_after_durable_series_start_is_persisted" time="0.203" /><testcase classname="tests.integration.test_observation_lifecycle" name="test_cancellation_between_poll_samples_uses_fresh_sample_identity[False]" time="0.223" /><testcase classname="tests.integration.test_observation_lifecycle" name="test_cancellation_between_poll_samples_uses_fresh_sample_identity[True]" time="0.222" /><testcase classname="tests.integration.test_observation_lifecycle" name="test_sensitive_evidence_is_available_in_memory_but_absent_from_sqlite" time="0.203" /><testcase classname="tests.integration.test_observation_lifecycle" name="test_terminal_sample_and_state_roll_back_at_every_atomic_boundary[after_sample_insert]" time="0.204" /><testcase classname="tests.integration.test_observation_lifecycle" name="test_terminal_sample_and_state_roll_back_at_every_atomic_boundary[after_append]" time="0.196" /><testcase classname="tests.integration.test_observation_lifecycle" name="test_terminal_sample_and_state_roll_back_at_every_atomic_boundary[after_projection]" time="0.199" /><testcase classname="tests.integration.test_observation_lifecycle" name="test_terminal_sample_and_state_roll_back_at_every_atomic_boundary[after_derived_schedule]" time="0.207" /><testcase classname="tests.integration.test_observation_lifecycle" name="test_series_creation_crash_exposes_no_partial_identity_or_transition" time="0.195" /><testcase classname="tests.integration.test_observation_lifecycle" name="test_invalid_poll_interval_fails_before_observer_or_journal[0]" time="0.002" /><testcase classname="tests.integration.test_observation_lifecycle" name="test_invalid_poll_interval_fails_before_observer_or_journal[9999999]" time="0.001" /><testcase classname="tests.integration.test_observation_lifecycle" name="test_invalid_poll_interval_fails_before_observer_or_journal[30000001]" time="0.002" /><testcase classname="tests.integration.test_observer_assertion_orchestration" name="test_scenario_runtime_persists_samples_evaluations_and_unsupported_policy" time="0.268" /><testcase classname="tests.integration.test_observer_assertion_orchestration" name="test_capability_handshake_failure_still_commits_error_sample_and_assertion" time="0.197" /><testcase classname="tests.integration.test_reconcile" name="test_decisive_single_snapshot_reconciles_without_rewriting_attempt" time="0.004" /><testcase classname="tests.integration.test_reconcile" name="test_ineligible_observer_is_rejected_before_contact[capabilities0]" time="0.004" /><testcase classname="tests.integration.test_reconcile" name="test_ineligible_observer_is_rejected_before_contact[capabilities1]" time="0.004" /><testcase classname="tests.integration.test_reconcile" name="test_ineligible_observer_is_rejected_before_contact[capabilities2]" time="0.004" /><testcase classname="tests.integration.test_reconcile" name="test_non_read_only_observer_has_one_explicit_call_and_cannot_reconcile" time="0.002" /><testcase classname="tests.integration.test_reconcile" name="test_nonpassing_assertion_evidence_preserves_ambiguity[fact0-assertion_pending]" time="0.002" /><testcase classname="tests.integration.test_reconcile" name="test_nonpassing_assertion_evidence_preserves_ambiguity[fact1-assertion_unsupported]" time="0.002" /><testcase classname="tests.integration.test_reconcile" name="test_nonpassing_assertion_evidence_preserves_ambiguity[fact2-assertion_error]" time="0.002" /><testcase classname="tests.integration.test_reconcile" name="test_nonpassing_assertion_evidence_preserves_ambiguity[fact3-assertion_contrary]" time="0.002" /><testcase classname="tests.integration.test_reconcile" name="test_incomplete_or_contradictory_evidence_preserves_ambiguity[evidence0-observation_missing]" time="0.002" /><testcase classname="tests.integration.test_reconcile" name="test_incomplete_or_contradictory_evidence_preserves_ambiguity[evidence1-observation_inconclusive]" time="0.002" /><testcase classname="tests.integration.test_reconcile" name="test_incomplete_or_contradictory_evidence_preserves_ambiguity[evidence2-observation_inconclusive]" time="0.002" /><testcase classname="tests.integration.test_reconcile" name="test_incomplete_or_contradictory_evidence_preserves_ambiguity[evidence3-assertion_set_incomplete]" time="0.002" /><testcase classname="tests.integration.test_reconcile" name="test_incomplete_or_contradictory_evidence_preserves_ambiguity[evidence4-assertion_set_contradictory]" time="0.001" /><testcase classname="tests.integration.test_reconcile" name="test_incomplete_or_contradictory_evidence_preserves_ambiguity[evidence5-snapshot_mismatch]" time="0.001" /><testcase classname="tests.integration.test_reconcile" name="test_observer_failure_is_sanitized_and_preserves_ambiguity" time="0.003" /><testcase classname="tests.integration.test_reconcile" name="test_supplier_contract_violation_never_resolves_ambiguity" time="0.004" /><testcase classname="tests.integration.test_reduced_bundle_replay" name="test_vt_mut_022_replays_after_hypothesis_database_and_sources_are_deleted" time="1.523" /><testcase classname="tests.integration.test_report_regeneration" name="test_regeneration_is_offline_transactional_and_idempotent" time="0.401" /><testcase classname="tests.integration.test_report_regeneration" name="test_termination_preserves_old_or_complete_new_target[temporary_fsynced-{&quot;old&quot;:&quot;valid&quot;}\n]" time="0.179" /><testcase classname="tests.integration.test_report_regeneration" name="test_termination_preserves_old_or_complete_new_target[target_replaced-{&quot;artifacts&quot;:{&quot;assertions&quot;:&quot;assertions.jsonl&quot;,&quot;deliveries&quot;:&quot;deliveries.jsonl&quot;,&quot;html&quot;:&quot;results.html&quot;,&quot;junit&quot;:&quot;junit.xml&quot;,&quot;manifest&quot;:&quot;run-manifest.json&quot;,&quot;observations&quot;:&quot;observations.jsonl&quot;},&quot;counts&quot;:{&quot;assertions&quot;:0,&quot;attempts&quot;:1,&quot;observations&quot;:0,&quot;scenarios&quot;:1},&quot;exit_code&quot;:1,&quot;generated_at&quot;:&quot;2026-07-27T12:34:56.000000Z&quot;,&quot;manifest_id&quot;:&quot;aaaaaaaaaaaaaaaaaaaaaaaaaaaaaaaaaaaaaaaaaaaaaaaaaaaaaaaaaaaaaaaa&quot;,&quot;run_id&quot;:&quot;00000000-0000-4000-8000-000000000605&quot;,&quot;schema_version&quot;:&quot;1.0&quot;,&quot;verdict&quot;:&quot;receiver_failure&quot;,&quot;writer_test_version&quot;:1}\n]" time="0.408" /><testcase classname="tests.integration.test_report_regeneration" name="test_symlink_target_cannot_read_or_overwrite_external_canary" time="0.108"><skipped type="pytest.skip" message="symlink creation is unavailable on this host">WORKSPACE\tests\integration\test_report_regeneration.py:275: symlink creation is unavailable on this host</skipped></testcase><testcase classname="tests.integration.test_report_regeneration" name="test_regeneration_tightens_posix_permissions" time="0.010"><skipped type="pytest.skip" message="POSIX permission bits are not authoritative on this host">WORKSPACE\tests\integration\test_report_regeneration.py:293: POSIX permission bits are not authoritative on this host</skipped></testcase><testcase classname="tests.integration.test_report_regeneration" name="test_reporter_contracts_require_registration_and_review_marker" time="0.001" /><testcase classname="tests.integration.test_report_regeneration" name="test_thousand_attempt_corpus_stays_within_regeneration_budget" time="1.327" /><testcase classname="tests.integration.test_runtime_inspection" name="test_real_run_supports_every_exact_identifier_offline" time="0.525" /><testcase classname="tests.integration.test_runtime_inspection" name="test_transport_only_failed_assertion_is_valid_without_observation" time="0.492" /><testcase classname="tests.integration.test_runtime_inspection" name="test_inspection_preserves_journal_bytes_metadata_and_directory_inventory" time="0.417" /><testcase classname="tests.integration.test_runtime_inspection" name="test_missing_exact_journal_link_fails_closed" time="0.425" /><testcase classname="tests.integration.test_runtime_inspection" name="test_corrupt_sanitized_artifact_fails_registry_verification" time="0.414" /><testcase classname="tests.integration.test_runtime_report_regeneration" name="test_runtime_regenerates_schema_valid_reports_offline_and_idempotently" time="0.636" /><testcase classname="tests.integration.test_runtime_resume" name="test_no_policy_ambiguity_is_strictly_read_only_and_offline" time="0.190" /><testcase classname="tests.integration.test_runtime_resume" name="test_resume_prepare_failure_is_byte_stable_and_precedes_epoch_mutation" time="0.259" /><testcase classname="tests.integration.test_runtime_resume" name="test_terminal_run_is_rejected_before_lock_prepare_or_epoch_mutation[completed]" time="0.196" /><testcase classname="tests.integration.test_runtime_resume" name="test_terminal_run_is_rejected_before_lock_prepare_or_epoch_mutation[cancelled]" time="0.184" /><testcase classname="tests.integration.test_runtime_resume" name="test_terminal_run_is_rejected_before_lock_prepare_or_epoch_mutation[failed]" time="0.221" /><testcase classname="tests.integration.test_runtime_resume" name="test_resume_migrates_valid_v3_journal_then_validates_v4_projection" time="0.361" /><testcase classname="tests.integration.test_runtime_resume" name="test_v3_projection_failure_never_reaches_public_continuation" time="0.311" /><testcase classname="tests.integration.test_runtime_resume" name="test_resume_continuation_retains_one_exclusive_owner_guard" time="0.340" /><testcase classname="tests.integration.test_runtime_resume" name="test_explicit_stop_takes_over_advances_epoch_and_appends_evidence" time="0.304" /><testcase classname="tests.integration.test_runtime_resume" name="test_explicit_redelivery_commits_new_attempt_before_injected_callback" time="0.278" /><testcase classname="tests.integration.test_runtime_resume" name="test_fresh_resume_reuses_committed_redelivery_without_new_consent" time="0.386" /><testcase classname="tests.integration.test_runtime_resume" name="test_fresh_resume_rebinds_consumed_claim_without_rewriting_history" time="0.403" /><testcase classname="tests.integration.test_runtime_resume" name="test_fresh_resume_never_resends_unclassifiable_response_observed" time="0.236" /><testcase classname="tests.integration.test_runtime_resume" name="test_explicit_observe_requires_and_invokes_only_injected_callback" time="0.270" /><testcase classname="tests.integration.test_signing_mutation_flow" name="test_vt_mut_002_replay_loads_realized_parameters_without_generator" time="0.331" /><testcase classname="tests.integration.test_signing_mutation_flow" name="test_execution_signs_planned_blob_then_applies_post_sign_bytes" time="0.254" /><testcase classname="tests.integration.test_signing_mutation_flow" name="test_recipe_digest_and_identity_tampering_fail_before_signing" time="0.222" /><testcase classname="tests.packaging.test_action" name="test_action_declares_locked_inputs_and_stable_outputs" time="0.001" /><testcase classname="tests.packaging.test_action" name="test_action_is_composite_locked_and_does_not_upload" time="0.001" /><testcase classname="tests.packaging.test_action" name="test_action_adapter_executes_locked_cli_and_emits_every_declared_output" time="3.435" /><testcase classname="tests.packaging.test_action" name="test_adapter_preserves_cli_exit_and_stages_only_redacted_artifacts" time="0.058" /><testcase classname="tests.packaging.test_action" name="test_action_forwards_fresh_config_public_authorization_and_noninteractive_mode[resume]" time="0.009" /><testcase classname="tests.packaging.test_action" name="test_action_forwards_fresh_config_public_authorization_and_noninteractive_mode[replay]" time="0.010" /><testcase classname="tests.packaging.test_deferred_release_contracts" name="test_plugin_metadata_has_required_experimental_stability_enum" time="0.001" /><testcase classname="tests.packaging.test_deferred_release_contracts" name="test_every_plugin_category_has_no_entry_point_or_runtime_discovery[assertion]" time="0.049" /><testcase classname="tests.packaging.test_deferred_release_contracts" name="test_every_plugin_category_has_no_entry_point_or_runtime_discovery[lifecycle]" time="0.044" /><testcase classname="tests.packaging.test_deferred_release_contracts" name="test_every_plugin_category_has_no_entry_point_or_runtime_discovery[mutation]" time="0.049" /><testcase classname="tests.packaging.test_deferred_release_contracts" name="test_every_plugin_category_has_no_entry_point_or_runtime_discovery[observer]" time="0.052" /><testcase classname="tests.packaging.test_deferred_release_contracts" name="test_every_plugin_category_has_no_entry_point_or_runtime_discovery[reporter]" time="0.052" /><testcase classname="tests.packaging.test_deferred_release_contracts" name="test_every_plugin_category_has_no_entry_point_or_runtime_discovery[signer]" time="0.053" /><testcase classname="tests.packaging.test_deferred_release_contracts" name="test_core_and_lock_have_no_external_database_telemetry_or_queue_drivers" time="1.670" /><testcase classname="tests.packaging.test_deferred_release_contracts" name="test_default_dependency_and_lock_graph_exclude_http2" time="0.032" /><testcase classname="tests.packaging.test_deferred_release_contracts" name="test_deferred_roadmap_names_enabling_adrs_prerequisites_and_future_tests" time="0.002" /><testcase classname="tests.packaging.test_deferred_release_contracts" name="test_release_publish_job_has_every_required_dag_prerequisite" time="0.054" /><testcase classname="tests.packaging.test_deferred_release_contracts" name="test_stable_release_mutation_gate_is_explicit_and_v0_1_is_deferred" time="0.002" /><testcase classname="tests.packaging.test_docker" name="test_image_is_digest_pinned_and_has_no_credential_copy_paths" time="0.002" /><testcase classname="tests.packaging.test_docker" name="test_image_runs_installed_cli_as_non_root" time="38.854" /><testcase classname="tests.packaging.test_docker" name="test_read_only_root_supports_writable_artifact_mount" time="8.165" /><testcase classname="tests.packaging.test_license_policy" name="test_repository_license_inventory_is_complete_offline_and_deterministic" time="0.751" /><testcase classname="tests.packaging.test_license_policy" name="test_release_gate_executes_the_offline_license_policy" time="0.002" /><testcase classname="tests.packaging.test_license_policy" name="test_license_inventory_rejects_unreviewed_locked_package" time="0.384" /><testcase classname="tests.packaging.test_license_policy" name="test_license_inventory_rejects_denylisted_expression" time="0.395" /><testcase classname="tests.packaging.test_license_policy" name="test_license_inventory_fails_closed_for_unknown_expression" time="0.385" /><testcase classname="tests.packaging.test_license_policy" name="test_license_inventory_rejects_unknown_policy_fields" time="0.319" /><testcase classname="tests.packaging.test_package_smoke" name="test_workflow_covers_every_supported_platform_and_python" time="0.006" /><testcase classname="tests.packaging.test_package_smoke" name="test_normalized_digest_ignores_only_declared_platform_fields" time="0.003" /><testcase classname="tests.packaging.test_package_smoke" name="test_smoke_server_rejects_reused_listener_address" time="0.002" /><testcase classname="tests.packaging.test_package_smoke" name="test_wheel_and_sdist_include_cli_and_runtime_assets" time="9.255" /><testcase classname="tests.packaging.test_package_smoke" name="test_built_wheel_installs_and_runs_minimal_local_example" time="18.051" /><testcase classname="tests.performance.test_quality_budgets" name="test_each_p0_budget_has_passing_measured_evidence[PERF-001-VT-PERF-001]" time="47.860" /><testcase classname="tests.performance.test_quality_budgets" name="test_each_p0_budget_has_passing_measured_evidence[PERF-002-VT-PERF-002]" time="0.001" /><testcase classname="tests.performance.test_quality_budgets" name="test_each_p0_budget_has_passing_measured_evidence[PERF-003-VT-PERF-003]" time="0.001" /><testcase classname="tests.performance.test_quality_budgets" name="test_each_p0_budget_has_passing_measured_evidence[PERF-006-VT-PERF-006]" time="0.001" /><testcase classname="tests.performance.test_quality_budgets" name="test_each_p0_budget_has_passing_measured_evidence[PERF-007-VT-PERF-007]" time="0.001" /><testcase classname="tests.performance.test_quality_budgets" name="test_each_p0_budget_has_passing_measured_evidence[PERF-008-VT-PERF-008]" time="0.001" /><testcase classname="tests.performance.test_quality_budgets" name="test_vt_perf_001_uses_thirty_measured_public_cli_invocations" time="0.001" /><testcase classname="tests.performance.test_quality_budgets" name="test_vt_perf_002_locked_planning_corpus_is_offline" time="0.001" /><testcase classname="tests.performance.test_quality_budgets" name="test_vt_perf_003_uses_peak_rss_on_the_maximum_planning_corpus" time="0.001" /><testcase classname="tests.performance.test_quality_budgets" name="test_vt_perf_006_reports_bounded_per_attempt_growth" time="0.001" /><testcase classname="tests.performance.test_quality_budgets" name="test_vt_perf_007_regenerates_every_static_report_format" time="0.001" /><testcase classname="tests.performance.test_quality_budgets" name="test_vt_perf_008_closes_in_flight_response_resources" time="0.001" /><testcase classname="tests.performance.test_quality_budgets" name="test_vt_test_017_maps_every_p0_budget_to_reproducible_evidence" time="0.001" /><testcase classname="tests.schema.test_artifact_validation" name="test_every_persisted_artifact_rejects_missing_schema_version[assertion-record.schema.json-assertions.example.jsonl-True]" time="0.017" /><testcase classname="tests.schema.test_artifact_validation" name="test_every_persisted_artifact_rejects_missing_schema_version[delivery-record.schema.json-deliveries.example.jsonl-True]" time="0.015" /><testcase classname="tests.schema.test_artifact_validation" name="test_every_persisted_artifact_rejects_missing_schema_version[fixture-manifest.schema.json-fixture-manifest.example.json-False]" time="0.013" /><testcase classname="tests.schema.test_artifact_validation" name="test_every_persisted_artifact_rejects_missing_schema_version[observation-record.schema.json-observations.example.jsonl-True]" time="0.015" /><testcase classname="tests.schema.test_artifact_validation" name="test_every_persisted_artifact_rejects_missing_schema_version[plugin-metadata.schema.json-plugin-metadata.example.json-False]" time="0.018" /><testcase classname="tests.schema.test_artifact_validation" name="test_every_persisted_artifact_rejects_missing_schema_version[result-summary.schema.json-result-summary.example.json-False]" time="0.014" /><testcase classname="tests.schema.test_artifact_validation" name="test_every_persisted_artifact_rejects_missing_schema_version[run-manifest.schema.json-run-manifest.example.json-False]" time="0.017" /><testcase classname="tests.schema.test_artifact_validation" name="test_task_index_empty_execution_evidence_is_rejected" time="0.003" /><testcase classname="tests.schema.test_artifact_validation" name="test_task_index_blank_execution_evidence_is_rejected[commands_to_run-]" time="0.003" /><testcase classname="tests.schema.test_artifact_validation" name="test_task_index_blank_execution_evidence_is_rejected[commands_to_run- ]" time="0.003" /><testcase classname="tests.schema.test_artifact_validation" name="test_task_index_blank_execution_evidence_is_rejected[commands_to_run-\t\r\n]" time="0.003" /><testcase classname="tests.schema.test_artifact_validation" name="test_task_index_blank_execution_evidence_is_rejected[completion_evidence-]" time="0.003" /><testcase classname="tests.schema.test_artifact_validation" name="test_task_index_blank_execution_evidence_is_rejected[completion_evidence- ]" time="0.003" /><testcase classname="tests.schema.test_artifact_validation" name="test_task_index_blank_execution_evidence_is_rejected[completion_evidence-\t\r\n]" time="0.003" /><testcase classname="tests.schema.test_artifact_validation" name="test_state_transition_comparison_detects_each_direction" time="0.001" /><testcase classname="tests.schema.test_artifact_validation" name="test_schema_diagnostics_are_bounded_and_do_not_leak_values" time="0.283" /><testcase classname="tests.schema.test_artifact_validation" name="test_artifact_size_limit_is_enforced" time="0.007" /><testcase classname="tests.schema.test_artifact_validation" name="test_project_config_contract_uses_numeric_v1_and_10_of_50_concurrency" time="0.112" /><testcase classname="tests.schema.test_artifact_validation" name="test_run_and_manifest_identifiers_use_dedicated_encodings" time="0.021" /><testcase classname="tests.schema.test_artifact_validation" name="test_manifest_numeric_profile_is_integer_only_and_i_json_safe" time="0.019" /><testcase classname="tests.schema.test_artifact_validation" name="test_result_summary_verdicts_match_fr006_and_aggregate_model" time="0.002" /><testcase classname="tests.schema.test_artifact_validation" name="test_observer_contract_requires_sample_identity_and_exact_evidence_types" time="0.030" /><testcase classname="tests.schema.test_artifact_validation" name="test_state_diagram_vocabularies_match_state_001_through_006[run-RunState]" time="0.002" /><testcase classname="tests.schema.test_artifact_validation" name="test_state_diagram_vocabularies_match_state_001_through_006[scenario-ScenarioState]" time="0.002" /><testcase classname="tests.schema.test_artifact_validation" name="test_state_diagram_vocabularies_match_state_001_through_006[delivery-DeliveryState]" time="0.002" /><testcase classname="tests.schema.test_artifact_validation" name="test_state_diagram_vocabularies_match_state_001_through_006[attempt-AttemptState]" time="0.002" /><testcase classname="tests.schema.test_artifact_validation" name="test_state_diagram_vocabularies_match_state_001_through_006[observation-ObservationState]" time="0.002" /><testcase classname="tests.schema.test_artifact_validation" name="test_state_diagram_vocabularies_match_state_001_through_006[assertion-AssertionState]" time="0.002" /><testcase classname="tests.schema.test_artifact_validation" name="test_transition_registry_diagrams_and_normative_tables_have_triple_parity" time="0.004" /><testcase classname="tests.schema.test_artifact_validation" name="test_transition_triplet_detects_drift_in_each_source" time="0.001" /><testcase classname="tests.schema.test_artifact_validation" name="test_superseded_decisions_and_corrected_task_packets_are_machine_visible" time="0.999" /><testcase classname="tests.schema.test_input_fuzzing" name="test_artifact_parsers_fuzz_without_crash_or_input_leak[json]" time="0.059" /><testcase classname="tests.schema.test_input_fuzzing" name="test_artifact_parsers_fuzz_without_crash_or_input_leak[yaml]" time="0.066" /><testcase classname="tests.schema.test_input_fuzzing" name="test_artifact_parsers_fuzz_without_crash_or_input_leak[jsonl]" time="0.058" /><testcase classname="tests.schema.test_input_fuzzing" name="test_artifact_parsers_fuzz_without_crash_or_input_leak[xml]" time="0.059" /><testcase classname="tests.schema.test_input_fuzzing" name="test_artifact_parsers_fuzz_without_crash_or_input_leak[html]" time="0.070" /><testcase classname="tests.schema.test_input_fuzzing" name="test_observer_protocol_fuzz_is_bounded_and_sanitized" time="0.665" /><testcase classname="tests.schema.test_input_fuzzing" name="test_every_parser_enforces_the_byte_limit[json]" time="0.002" /><testcase classname="tests.schema.test_input_fuzzing" name="test_every_parser_enforces_the_byte_limit[yaml]" time="0.001" /><testcase classname="tests.schema.test_input_fuzzing" name="test_every_parser_enforces_the_byte_limit[jsonl]" time="0.001" /><testcase classname="tests.schema.test_input_fuzzing" name="test_every_parser_enforces_the_byte_limit[xml]" time="0.001" /><testcase classname="tests.schema.test_input_fuzzing" name="test_every_parser_enforces_the_byte_limit[html]" time="0.001" /><testcase classname="tests.schema.test_input_fuzzing" name="test_structured_parsers_enforce_depth_limit[json]" time="0.002" /><testcase classname="tests.schema.test_input_fuzzing" name="test_structured_parsers_enforce_depth_limit[yaml]" time="0.005" /><testcase classname="tests.schema.test_input_fuzzing" name="test_structured_parsers_enforce_depth_limit[xml]" time="0.002" /><testcase classname="tests.schema.test_input_fuzzing" name="test_structured_parsers_enforce_depth_limit[html]" time="0.002" /><testcase classname="tests.schema.test_input_fuzzing" name="test_structured_parsers_enforce_node_limit[json]" time="0.002" /><testcase classname="tests.schema.test_input_fuzzing" name="test_structured_parsers_enforce_node_limit[yaml]" time="0.002" /><testcase classname="tests.schema.test_input_fuzzing" name="test_structured_parsers_enforce_node_limit[xml]" time="0.001" /><testcase classname="tests.schema.test_input_fuzzing" name="test_structured_parsers_enforce_node_limit[html]" time="0.001" /><testcase classname="tests.schema.test_input_fuzzing" name="test_parser_enforces_time_limit_without_reporting_elapsed_input" time="0.001" /><testcase classname="tests.schema.test_input_fuzzing" name="test_jsonl_record_and_blank_line_limits" time="0.001" /><testcase classname="tests.schema.test_input_fuzzing" name="test_yaml_cycles_and_xml_entities_are_rejected_safely" time="0.002" /><testcase classname="tests.schema.test_project_config_assertion_contract" name="test_assertion_schema_is_well_formed_and_examples_validate" time="0.333" /><testcase classname="tests.schema.test_project_config_assertion_contract" name="test_every_v01_assertion_branch_accepts_its_nominal_shape[http-status]" time="0.014" /><testcase classname="tests.schema.test_project_config_assertion_contract" name="test_every_v01_assertion_branch_accepts_its_nominal_shape[acknowledgement-deadline]" time="0.026" /><testcase classname="tests.schema.test_project_config_assertion_contract" name="test_every_v01_assertion_branch_accepts_its_nominal_shape[processing-count]" time="0.027" /><testcase classname="tests.schema.test_project_config_assertion_contract" name="test_every_v01_assertion_branch_accepts_its_nominal_shape[callback-count]" time="0.020" /><testcase classname="tests.schema.test_project_config_assertion_contract" name="test_every_v01_assertion_branch_accepts_its_nominal_shape[journal-count]" time="0.019" /><testcase classname="tests.schema.test_project_config_assertion_contract" name="test_every_v01_assertion_branch_accepts_its_nominal_shape[resource-exists]" time="0.018" /><testcase classname="tests.schema.test_project_config_assertion_contract" name="test_every_v01_assertion_branch_accepts_its_nominal_shape[resource-absent]" time="0.019" /><testcase classname="tests.schema.test_project_config_assertion_contract" name="test_every_v01_assertion_branch_accepts_its_nominal_shape[resource-field]" time="0.021" /><testcase classname="tests.schema.test_project_config_assertion_contract" name="test_every_v01_assertion_branch_accepts_its_nominal_shape[ordered-transition]" time="0.020" /><testcase classname="tests.schema.test_project_config_assertion_contract" name="test_every_v01_assertion_branch_accepts_its_nominal_shape[no-partial-side-effect]" time="0.024" /><testcase classname="tests.schema.test_project_config_assertion_contract" name="test_every_v01_assertion_branch_accepts_its_nominal_shape[eventual-state]" time="0.032" /><testcase classname="tests.schema.test_project_config_assertion_contract" name="test_every_assertion_branch_rejects_each_missing_required_field[http-status-assertion0-id]" time="0.019" /><testcase classname="tests.schema.test_project_config_assertion_contract" name="test_every_assertion_branch_rejects_each_missing_required_field[http-status-assertion1-type]" time="0.020" /><testcase classname="tests.schema.test_project_config_assertion_contract" name="test_every_assertion_branch_rejects_each_missing_required_field[http-status-assertion2-attempt]" time="0.021" /><testcase classname="tests.schema.test_project_config_assertion_contract" name="test_every_assertion_branch_rejects_each_missing_required_field[http-status-assertion3-expected]" time="0.018" /><testcase classname="tests.schema.test_project_config_assertion_contract" name="test_every_assertion_branch_rejects_each_missing_required_field[acknowledgement-deadline-assertion4-id]" time="0.018" /><testcase classname="tests.schema.test_project_config_assertion_contract" name="test_every_assertion_branch_rejects_each_missing_required_field[acknowledgement-deadline-assertion5-type]" time="0.019" /><testcase classname="tests.schema.test_project_config_assertion_contract" name="test_every_assertion_branch_rejects_each_missing_required_field[acknowledgement-deadline-assertion6-attempt]" time="0.018" /><testcase classname="tests.schema.test_project_config_assertion_contract" name="test_every_assertion_branch_rejects_each_missing_required_field[acknowledgement-deadline-assertion7-within]" time="0.017" /><testcase classname="tests.schema.test_project_config_assertion_contract" name="test_every_assertion_branch_rejects_each_missing_required_field[processing-count-assertion8-id]" time="0.020" /><testcase classname="tests.schema.test_project_config_assertion_contract" name="test_every_assertion_branch_rejects_each_missing_required_field[processing-count-assertion9-type]" time="0.022" /><testcase classname="tests.schema.test_project_config_assertion_contract" name="test_every_assertion_branch_rejects_each_missing_required_field[processing-count-assertion10-query]" time="0.019" /><testcase classname="tests.schema.test_project_config_assertion_contract" name="test_every_assertion_branch_rejects_each_missing_required_field[processing-count-assertion11-comparator]" time="0.023" /><testcase classname="tests.schema.test_project_config_assertion_contract" name="test_every_assertion_branch_rejects_each_missing_required_field[processing-count-assertion12-expected]" time="0.024" /><testcase classname="tests.schema.test_project_config_assertion_contract" name="test_every_assertion_branch_rejects_each_missing_required_field[callback-count-assertion13-id]" time="0.020" /><testcase classname="tests.schema.test_project_config_assertion_contract" name="test_every_assertion_branch_rejects_each_missing_required_field[callback-count-assertion14-type]" time="0.024" /><testcase classname="tests.schema.test_project_config_assertion_contract" name="test_every_assertion_branch_rejects_each_missing_required_field[callback-count-assertion15-query]" time="0.020" /><testcase classname="tests.schema.test_project_config_assertion_contract" name="test_every_assertion_branch_rejects_each_missing_required_field[callback-count-assertion16-comparator]" time="0.031" /><testcase classname="tests.schema.test_project_config_assertion_contract" name="test_every_assertion_branch_rejects_each_missing_required_field[callback-count-assertion17-expected]" time="0.023" /><testcase classname="tests.schema.test_project_config_assertion_contract" name="test_every_assertion_branch_rejects_each_missing_required_field[journal-count-assertion18-id]" time="0.022" /><testcase classname="tests.schema.test_project_config_assertion_contract" name="test_every_assertion_branch_rejects_each_missing_required_field[journal-count-assertion19-type]" time="0.025" /><testcase classname="tests.schema.test_project_config_assertion_contract" name="test_every_assertion_branch_rejects_each_missing_required_field[journal-count-assertion20-query]" time="0.026" /><testcase classname="tests.schema.test_project_config_assertion_contract" name="test_every_assertion_branch_rejects_each_missing_required_field[journal-count-assertion21-comparator]" time="0.035" /><testcase classname="tests.schema.test_project_config_assertion_contract" name="test_every_assertion_branch_rejects_each_missing_required_field[journal-count-assertion22-expected]" time="0.032" /><testcase classname="tests.schema.test_project_config_assertion_contract" name="test_every_assertion_branch_rejects_each_missing_required_field[resource-exists-assertion23-id]" time="0.018" /><testcase classname="tests.schema.test_project_config_assertion_contract" name="test_every_assertion_branch_rejects_each_missing_required_field[resource-exists-assertion24-type]" time="0.021" /><testcase classname="tests.schema.test_project_config_assertion_contract" name="test_every_assertion_branch_rejects_each_missing_required_field[resource-exists-assertion25-query]" time="0.023" /><testcase classname="tests.schema.test_project_config_assertion_contract" name="test_every_assertion_branch_rejects_each_missing_required_field[resource-absent-assertion26-id]" time="0.018" /><testcase classname="tests.schema.test_project_config_assertion_contract" name="test_every_assertion_branch_rejects_each_missing_required_field[resource-absent-assertion27-type]" time="0.026" /><testcase classname="tests.schema.test_project_config_assertion_contract" name="test_every_assertion_branch_rejects_each_missing_required_field[resource-absent-assertion28-query]" time="0.018" /><testcase classname="tests.schema.test_project_config_assertion_contract" name="test_every_assertion_branch_rejects_each_missing_required_field[resource-field-assertion29-id]" time="0.022" /><testcase classname="tests.schema.test_project_config_assertion_contract" name="test_every_assertion_branch_rejects_each_missing_required_field[resource-field-assertion30-type]" time="0.023" /><testcase classname="tests.schema.test_project_config_assertion_contract" name="test_every_assertion_branch_rejects_each_missing_required_field[resource-field-assertion31-query]" time="0.020" /><testcase classname="tests.schema.test_project_config_assertion_contract" name="test_every_assertion_branch_rejects_each_missing_required_field[resource-field-assertion32-path]" time="0.027" /><testcase classname="tests.schema.test_project_config_assertion_contract" name="test_every_assertion_branch_rejects_each_missing_required_field[resource-field-assertion33-comparator]" time="0.023" /><testcase classname="tests.schema.test_project_config_assertion_contract" name="test_every_assertion_branch_rejects_each_missing_required_field[resource-field-assertion34-expected]" time="0.033" /><testcase classname="tests.schema.test_project_config_assertion_contract" name="test_every_assertion_branch_rejects_each_missing_required_field[ordered-transition-assertion35-id]" time="0.020" /><testcase classname="tests.schema.test_project_config_assertion_contract" name="test_every_assertion_branch_rejects_each_missing_required_field[ordered-transition-assertion36-type]" time="0.020" /><testcase classname="tests.schema.test_project_config_assertion_contract" name="test_every_assertion_branch_rejects_each_missing_required_field[ordered-transition-assertion37-query]" time="0.021" /><testcase classname="tests.schema.test_project_config_assertion_contract" name="test_every_assertion_branch_rejects_each_missing_required_field[ordered-transition-assertion38-states]" time="0.022" /><testcase classname="tests.schema.test_project_config_assertion_contract" name="test_every_assertion_branch_rejects_each_missing_required_field[no-partial-side-effect-assertion39-id]" time="0.020" /><testcase classname="tests.schema.test_project_config_assertion_contract" name="test_every_assertion_branch_rejects_each_missing_required_field[no-partial-side-effect-assertion40-type]" time="0.020" /><testcase classname="tests.schema.test_project_config_assertion_contract" name="test_every_assertion_branch_rejects_each_missing_required_field[no-partial-side-effect-assertion41-predicates]" time="0.018" /><testcase classname="tests.schema.test_project_config_assertion_contract" name="test_every_assertion_branch_rejects_each_missing_required_field[eventual-state-assertion42-id]" time="0.025" /><testcase classname="tests.schema.test_project_config_assertion_contract" name="test_every_assertion_branch_rejects_each_missing_required_field[eventual-state-assertion43-type]" time="0.028" /><testcase classname="tests.schema.test_project_config_assertion_contract" name="test_every_assertion_branch_rejects_each_missing_required_field[eventual-state-assertion44-query]" time="0.026" /><testcase classname="tests.schema.test_project_config_assertion_contract" name="test_every_assertion_branch_rejects_each_missing_required_field[eventual-state-assertion45-comparator]" time="0.030" /><testcase classname="tests.schema.test_project_config_assertion_contract" name="test_every_assertion_branch_rejects_each_missing_required_field[eventual-state-assertion46-expected]" time="0.030" /><testcase classname="tests.schema.test_project_config_assertion_contract" name="test_every_assertion_branch_rejects_each_missing_required_field[eventual-state-assertion47-within]" time="0.025" /><testcase classname="tests.schema.test_project_config_assertion_contract" name="test_every_assertion_branch_rejects_each_missing_required_field[eventual-state-assertion48-poll_interval]" time="0.024" /><testcase classname="tests.schema.test_project_config_assertion_contract" name="test_every_assertion_branch_rejects_an_irrelevant_field[http-status]" time="0.024" /><testcase classname="tests.schema.test_project_config_assertion_contract" name="test_every_assertion_branch_rejects_an_irrelevant_field[acknowledgement-deadline]" time="0.022" /><testcase classname="tests.schema.test_project_config_assertion_contract" name="test_every_assertion_branch_rejects_an_irrelevant_field[processing-count]" time="0.025" /><testcase classname="tests.schema.test_project_config_assertion_contract" name="test_every_assertion_branch_rejects_an_irrelevant_field[callback-count]" time="0.027" /><testcase classname="tests.schema.test_project_config_assertion_contract" name="test_every_assertion_branch_rejects_an_irrelevant_field[journal-count]" time="0.023" /><testcase classname="tests.schema.test_project_config_assertion_contract" name="test_every_assertion_branch_rejects_an_irrelevant_field[resource-exists]" time="0.022" /><testcase classname="tests.schema.test_project_config_assertion_contract" name="test_every_assertion_branch_rejects_an_irrelevant_field[resource-absent]" time="0.024" /><testcase classname="tests.schema.test_project_config_assertion_contract" name="test_every_assertion_branch_rejects_an_irrelevant_field[resource-field]" time="0.028" /><testcase classname="tests.schema.test_project_config_assertion_contract" name="test_every_assertion_branch_rejects_an_irrelevant_field[ordered-transition]" time="0.029" /><testcase classname="tests.schema.test_project_config_assertion_contract" name="test_every_assertion_branch_rejects_an_irrelevant_field[no-partial-side-effect]" time="0.029" /><testcase classname="tests.schema.test_project_config_assertion_contract" name="test_every_assertion_branch_rejects_an_irrelevant_field[eventual-state]" time="0.036" /><testcase classname="tests.schema.test_project_config_assertion_contract" name="test_custom_and_unknown_assertion_types_are_rejected" time="0.049" /><testcase classname="tests.schema.test_project_config_assertion_contract" name="test_hostile_executable_assertion_fields_are_rejected[processing-count-eval]" time="0.022" /><testcase classname="tests.schema.test_project_config_assertion_contract" name="test_hostile_executable_assertion_fields_are_rejected[processing-count-code]" time="0.023" /><testcase classname="tests.schema.test_project_config_assertion_contract" name="test_hostile_executable_assertion_fields_are_rejected[processing-count-expression]" time="0.025" /><testcase classname="tests.schema.test_project_config_assertion_contract" name="test_hostile_executable_assertion_fields_are_rejected[no-partial-side-effect-eval]" time="0.023" /><testcase classname="tests.schema.test_project_config_assertion_contract" name="test_hostile_executable_assertion_fields_are_rejected[no-partial-side-effect-code]" time="0.021" /><testcase classname="tests.schema.test_project_config_assertion_contract" name="test_hostile_executable_assertion_fields_are_rejected[no-partial-side-effect-expression]" time="0.023" /><testcase classname="tests.schema.test_project_config_assertion_contract" name="test_typed_values_accept_exactly_the_nine_observer_evidence_shapes[null]" time="0.024" /><testcase classname="tests.schema.test_project_config_assertion_contract" name="test_typed_values_accept_exactly_the_nine_observer_evidence_shapes[boolean]" time="0.022" /><testcase classname="tests.schema.test_project_config_assertion_contract" name="test_typed_values_accept_exactly_the_nine_observer_evidence_shapes[integer]" time="0.020" /><testcase classname="tests.schema.test_project_config_assertion_contract" name="test_typed_values_accept_exactly_the_nine_observer_evidence_shapes[decimal-string]" time="0.022" /><testcase classname="tests.schema.test_project_config_assertion_contract" name="test_typed_values_accept_exactly_the_nine_observer_evidence_shapes[string]" time="0.025" /><testcase classname="tests.schema.test_project_config_assertion_contract" name="test_typed_values_accept_exactly_the_nine_observer_evidence_shapes[bytes-digest]" time="0.020" /><testcase classname="tests.schema.test_project_config_assertion_contract" name="test_typed_values_accept_exactly_the_nine_observer_evidence_shapes[timestamp]" time="0.021" /><testcase classname="tests.schema.test_project_config_assertion_contract" name="test_typed_values_accept_exactly_the_nine_observer_evidence_shapes[array]" time="0.022" /><testcase classname="tests.schema.test_project_config_assertion_contract" name="test_typed_values_accept_exactly_the_nine_observer_evidence_shapes[object]" time="0.024" /><testcase classname="tests.schema.test_project_config_assertion_contract" name="test_typed_values_reject_malformed_or_mismatched_shapes[typed_value0]" time="0.026" /><testcase classname="tests.schema.test_project_config_assertion_contract" name="test_typed_values_reject_malformed_or_mismatched_shapes[typed_value1]" time="0.026" /><testcase classname="tests.schema.test_project_config_assertion_contract" name="test_typed_values_reject_malformed_or_mismatched_shapes[typed_value2]" time="0.026" /><testcase classname="tests.schema.test_project_config_assertion_contract" name="test_typed_values_reject_malformed_or_mismatched_shapes[typed_value3]" time="0.031" /><testcase classname="tests.schema.test_project_config_assertion_contract" name="test_typed_values_reject_malformed_or_mismatched_shapes[typed_value4]" time="0.027" /><testcase classname="tests.schema.test_project_config_assertion_contract" name="test_typed_values_reject_malformed_or_mismatched_shapes[typed_value5]" time="0.028" /><testcase classname="tests.schema.test_project_config_assertion_contract" name="test_typed_values_reject_malformed_or_mismatched_shapes[typed_value6]" time="0.029" /><testcase classname="tests.schema.test_project_config_assertion_contract" name="test_typed_values_reject_malformed_or_mismatched_shapes[typed_value7]" time="0.033" /><testcase classname="tests.schema.test_project_config_assertion_contract" name="test_typed_values_reject_malformed_or_mismatched_shapes[typed_value8]" time="0.030" /><testcase classname="tests.schema.test_project_config_assertion_contract" name="test_typed_values_reject_malformed_or_mismatched_shapes[typed_value9]" time="0.026" /><testcase classname="tests.schema.test_project_config_assertion_contract" name="test_typed_values_reject_malformed_or_mismatched_shapes[typed_value10]" time="0.023" /><testcase classname="tests.schema.test_project_config_assertion_contract" name="test_typed_values_reject_malformed_or_mismatched_shapes[typed_value11]" time="0.027" /><testcase classname="tests.schema.test_project_config_assertion_contract" name="test_attempt_selector_accepts_only_the_two_terminal_modes[all-terminal]" time="0.016" /><testcase classname="tests.schema.test_project_config_assertion_contract" name="test_attempt_selector_accepts_only_the_two_terminal_modes[last-terminal]" time="0.017" /><testcase classname="tests.schema.test_project_config_assertion_contract" name="test_attempt_selector_rejects_unknown_modes[all]" time="0.023" /><testcase classname="tests.schema.test_project_config_assertion_contract" name="test_attempt_selector_rejects_unknown_modes[last]" time="0.031" /><testcase classname="tests.schema.test_project_config_assertion_contract" name="test_attempt_selector_rejects_unknown_modes[first-terminal]" time="0.019" /><testcase classname="tests.schema.test_project_config_assertion_contract" name="test_attempt_selector_rejects_unknown_modes[]" time="0.021" /><testcase classname="tests.schema.test_project_config_assertion_contract" name="test_attempt_selector_requires_both_fields[event]" time="0.020" /><testcase classname="tests.schema.test_project_config_assertion_contract" name="test_attempt_selector_requires_both_fields[mode]" time="0.020" /><testcase classname="tests.schema.test_project_config_assertion_contract" name="test_attempt_selector_and_observer_query_are_closed" time="0.044" /><testcase classname="tests.schema.test_project_config_assertion_contract" name="test_observer_query_requires_observer_and_key[observer]" time="0.024" /><testcase classname="tests.schema.test_project_config_assertion_contract" name="test_observer_query_requires_observer_and_key[key]" time="0.024" /><testcase classname="tests.schema.test_project_config_assertion_contract" name="test_comparator_is_the_closed_six_member_set[eq]" time="0.016" /><testcase classname="tests.schema.test_project_config_assertion_contract" name="test_comparator_is_the_closed_six_member_set[ne]" time="0.017" /><testcase classname="tests.schema.test_project_config_assertion_contract" name="test_comparator_is_the_closed_six_member_set[lt]" time="0.015" /><testcase classname="tests.schema.test_project_config_assertion_contract" name="test_comparator_is_the_closed_six_member_set[lte]" time="0.014" /><testcase classname="tests.schema.test_project_config_assertion_contract" name="test_comparator_is_the_closed_six_member_set[gt]" time="0.017" /><testcase classname="tests.schema.test_project_config_assertion_contract" name="test_comparator_is_the_closed_six_member_set[gte]" time="0.020" /><testcase classname="tests.schema.test_project_config_assertion_contract" name="test_unknown_comparator_is_rejected" time="0.023" /><testcase classname="tests.schema.test_project_config_assertion_contract" name="test_observer_assertions_accept_the_two_unsupported_policies[unsupported]" time="0.019" /><testcase classname="tests.schema.test_project_config_assertion_contract" name="test_observer_assertions_accept_the_two_unsupported_policies[skip]" time="0.017" /><testcase classname="tests.schema.test_project_config_assertion_contract" name="test_transport_assertions_reject_observer_unsupported_policy" time="0.027" /><testcase classname="tests.schema.test_project_config_assertion_contract" name="test_pointer_assertions_accept_the_two_missing_pointer_policies[fail]" time="0.023" /><testcase classname="tests.schema.test_project_config_assertion_contract" name="test_pointer_assertions_accept_the_two_missing_pointer_policies[error]" time="0.020" /><testcase classname="tests.schema.test_project_config_assertion_contract" name="test_missing_pointer_policy_requires_a_pointer" time="0.028" /><testcase classname="tests.schema.test_project_config_assertion_contract" name="test_optional_observer_polling_requires_the_within_interval_pair[within]" time="0.028" /><testcase classname="tests.schema.test_project_config_assertion_contract" name="test_optional_observer_polling_requires_the_within_interval_pair[poll_interval]" time="0.024" /><testcase classname="tests.schema.test_project_config_assertion_contract" name="test_optional_observer_polling_accepts_both_fields_or_neither" time="0.032" /><testcase classname="tests.schema.test_project_config_assertion_contract" name="test_eventual_state_requires_both_polling_fields[within]" time="0.024" /><testcase classname="tests.schema.test_project_config_assertion_contract" name="test_eventual_state_requires_both_polling_fields[poll_interval]" time="0.026" /><testcase classname="tests.schema.test_project_config_assertion_contract" name="test_poll_interval_not_exceeding_within_is_a_documented_model_check" time="0.021" /><testcase classname="tests.schema.test_project_config_assertion_contract" name="test_no_partial_predicate_requires_every_field[name]" time="0.021" /><testcase classname="tests.schema.test_project_config_assertion_contract" name="test_no_partial_predicate_requires_every_field[query]" time="0.024" /><testcase classname="tests.schema.test_project_config_assertion_contract" name="test_no_partial_predicate_requires_every_field[comparator]" time="0.025" /><testcase classname="tests.schema.test_project_config_assertion_contract" name="test_no_partial_predicate_requires_every_field[expected]" time="0.020" /><testcase classname="tests.schema.test_project_config_assertion_contract" name="test_no_partial_predicate_is_closed_and_named" time="0.031" /><testcase classname="tests.schema.test_project_config_assertion_contract" name="test_predicate_name_uniqueness_is_a_documented_model_check" time="0.036" /><testcase classname="tests.schema.test_project_config_assertion_contract" name="test_http_status_requires_nonempty_codes_or_classes_and_rejects_unknown_classes" time="0.040" /><testcase classname="tests.schema.test_project_config_assertion_contract" name="test_count_assertions_require_plain_safe_integers" time="0.050" /><testcase classname="tests.schema.test_project_config_contract" name="test_schema_is_well_formed_and_examples_validate" time="0.397" /><testcase classname="tests.schema.test_project_config_contract" name="test_max_concurrency_is_optional_with_a_bounded_default" time="0.079" /><testcase classname="tests.schema.test_project_config_contract" name="test_scaled_clock_accepts_exact_decimal_scale_bounds[0.001]" time="0.025" /><testcase classname="tests.schema.test_project_config_contract" name="test_scaled_clock_accepts_exact_decimal_scale_bounds[0.01]" time="0.025" /><testcase classname="tests.schema.test_project_config_contract" name="test_scaled_clock_accepts_exact_decimal_scale_bounds[1]" time="0.025" /><testcase classname="tests.schema.test_project_config_contract" name="test_scaled_clock_accepts_exact_decimal_scale_bounds[99.999]" time="0.025" /><testcase classname="tests.schema.test_project_config_contract" name="test_scaled_clock_accepts_exact_decimal_scale_bounds[100]" time="0.025" /><testcase classname="tests.schema.test_project_config_contract" name="test_scaled_clock_accepts_exact_decimal_scale_bounds[100.0]" time="0.026" /><testcase classname="tests.schema.test_project_config_contract" name="test_scaled_clock_rejects_out_of_range_or_non_string_scale[0]" time="0.027" /><testcase classname="tests.schema.test_project_config_contract" name="test_scaled_clock_rejects_out_of_range_or_non_string_scale[-1]" time="0.028" /><testcase classname="tests.schema.test_project_config_contract" name="test_scaled_clock_rejects_out_of_range_or_non_string_scale[0.0001]" time="0.026" /><testcase classname="tests.schema.test_project_config_contract" name="test_scaled_clock_rejects_out_of_range_or_non_string_scale[0.000999]" time="0.025" /><testcase classname="tests.schema.test_project_config_contract" name="test_scaled_clock_rejects_out_of_range_or_non_string_scale[100.0001]" time="0.025" /><testcase classname="tests.schema.test_project_config_contract" name="test_scaled_clock_rejects_out_of_range_or_non_string_scale[101]" time="0.025" /><testcase classname="tests.schema.test_project_config_contract" name="test_scaled_clock_rejects_out_of_range_or_non_string_scale[0.01\n]" time="0.027" /><testcase classname="tests.schema.test_project_config_contract" name="test_scaled_clock_rejects_out_of_range_or_non_string_scale[0.01]" time="0.029" /><testcase classname="tests.schema.test_project_config_contract" name="test_clock_mode_and_scale_are_consistent" time="0.086" /><testcase classname="tests.schema.test_project_config_contract" name="test_duration_accepts_each_signed_int64_nanosecond_boundary[9223372036854775807ns]" time="0.001" /><testcase classname="tests.schema.test_project_config_contract" name="test_duration_accepts_each_signed_int64_nanosecond_boundary[9223372036854775us]" time="0.001" /><testcase classname="tests.schema.test_project_config_contract" name="test_duration_accepts_each_signed_int64_nanosecond_boundary[9223372036854ms]" time="0.001" /><testcase classname="tests.schema.test_project_config_contract" name="test_duration_accepts_each_signed_int64_nanosecond_boundary[9223372036s]" time="0.001" /><testcase classname="tests.schema.test_project_config_contract" name="test_duration_accepts_each_signed_int64_nanosecond_boundary[153722867m]" time="0.001" /><testcase classname="tests.schema.test_project_config_contract" name="test_duration_accepts_each_signed_int64_nanosecond_boundary[2562047h]" time="0.001" /><testcase classname="tests.schema.test_project_config_contract" name="test_duration_rejects_overflow_fractional_and_noncanonical_values[9223372036854775808ns]" time="0.001" /><testcase classname="tests.schema.test_project_config_contract" name="test_duration_rejects_overflow_fractional_and_noncanonical_values[9223372036854776us]" time="0.001" /><testcase classname="tests.schema.test_project_config_contract" name="test_duration_rejects_overflow_fractional_and_noncanonical_values[9223372036855ms]" time="0.001" /><testcase classname="tests.schema.test_project_config_contract" name="test_duration_rejects_overflow_fractional_and_noncanonical_values[9223372037s]" time="0.001" /><testcase classname="tests.schema.test_project_config_contract" name="test_duration_rejects_overflow_fractional_and_noncanonical_values[153722868m]" time="0.002" /><testcase classname="tests.schema.test_project_config_contract" name="test_duration_rejects_overflow_fractional_and_noncanonical_values[2562048h]" time="0.001" /><testcase classname="tests.schema.test_project_config_contract" name="test_duration_rejects_overflow_fractional_and_noncanonical_values[1.5s]" time="0.001" /><testcase classname="tests.schema.test_project_config_contract" name="test_duration_rejects_overflow_fractional_and_noncanonical_values[01s]" time="0.001" /><testcase classname="tests.schema.test_project_config_contract" name="test_duration_rejects_overflow_fractional_and_noncanonical_values[-1s]" time="0.001" /><testcase classname="tests.schema.test_project_config_contract" name="test_duration_rejects_overflow_fractional_and_noncanonical_values[1s\n]" time="0.001" /><testcase classname="tests.schema.test_project_config_contract" name="test_poll_interval_accepts_ten_milliseconds_or_more[10000000ns]" time="0.026" /><testcase classname="tests.schema.test_project_config_contract" name="test_poll_interval_accepts_ten_milliseconds_or_more[10000us]" time="0.030" /><testcase classname="tests.schema.test_project_config_contract" name="test_poll_interval_accepts_ten_milliseconds_or_more[10ms]" time="0.031" /><testcase classname="tests.schema.test_project_config_contract" name="test_poll_interval_accepts_ten_milliseconds_or_more[1s]" time="0.031" /><testcase classname="tests.schema.test_project_config_contract" name="test_poll_interval_rejects_less_than_ten_milliseconds[0ns]" time="0.034" /><testcase classname="tests.sc
[...]
="0.002" /><testcase classname="tests.unit.signatures.test_stripe" name="test_missing_and_duplicate_signature_headers_are_distinct" time="0.002" /><testcase classname="tests.unit.signatures.test_stripe" name="test_malformed_header_corpus_is_rejected_before_comparison[]" time="0.002" /><testcase classname="tests.unit.signatures.test_stripe" name="test_malformed_header_corpus_is_rejected_before_comparison[t=1700000000]" time="0.001" /><testcase classname="tests.unit.signatures.test_stripe" name="test_malformed_header_corpus_is_rejected_before_comparison[v1=0000000000000000000000000000000000000000000000000000000000000000]" time="0.001" /><testcase classname="tests.unit.signatures.test_stripe" name="test_malformed_header_corpus_is_rejected_before_comparison[t=01700000000,v1=0000000000000000000000000000000000000000000000000000000000000000]" time="0.002" /><testcase classname="tests.unit.signatures.test_stripe" name="test_malformed_header_corpus_is_rejected_before_comparison[t=1700000000,t=1700000000,v1=0000000000000000000000000000000000000000000000000000000000000000]" time="0.001" /><testcase classname="tests.unit.signatures.test_stripe" name="test_malformed_header_corpus_is_rejected_before_comparison[t=1700000000,v1=AAAAAAAAAAAAAAAAAAAAAAAAAAAAAAAAAAAAAAAAAAAAAAAAAAAAAAAAAAAAAAAA]" time="0.001" /><testcase classname="tests.unit.signatures.test_stripe" name="test_malformed_header_corpus_is_rejected_before_comparison[t=1700000000, v1=0000000000000000000000000000000000000000000000000000000000000000]" time="0.001" /><testcase classname="tests.unit.signatures.test_stripe" name="test_malformed_header_corpus_is_rejected_before_comparison[t=1700000000,v1=000000000000000000000000000000000000000000000000000000000000000]" time="0.001" /><testcase classname="tests.unit.signatures.test_stripe" name="test_malformed_header_corpus_is_rejected_before_comparison[t=1700000000,v1=00000000000000000000000000000000000000000000000000000000000000000]" time="0.001" /><testcase classname="tests.unit.signatures.test_stripe" name="test_malformed_header_corpus_is_rejected_before_comparison[t=1700000000,v1=0000000000000000000000000000000000000000000000000000000000000000,broken]" time="0.001" /><testcase classname="tests.unit.signatures.test_stripe" name="test_malformed_header_corpus_is_rejected_before_comparison[t=1700000000,v1=0000000000000000000000000000000000000000000000000000000000000000,v0=bad value]" time="0.001" /><testcase classname="tests.unit.signatures.test_stripe" name="test_malformed_header_corpus_is_rejected_before_comparison[t=1700000000,v1=0000000000000000000000000000000000000000000000000000000000000000,v1=0000000000000000000000000000000000000000000000000000000000000001,v1=0000000000000000000000000000000000000000000000000000000000000002,v1=0000000000000000000000000000000000000000000000000000000000000003,v1=0000000000000000000000000000000000000000000000000000000000000004,v1=0000000000000000000000000000000000000000000000000000000000000005,v1=0000000000000000000000000000000000000000000000000000000000000006,v1=0000000000000000000000000000000000000000000000000000000000000007,v1=0000000000000000000000000000000000000000000000000000000000000008]" time="0.001" /><testcase classname="tests.unit.signatures.test_stripe" name="test_unknown_well_formed_scheme_is_ignored_like_stripe_rotation_headers" time="0.001" /><testcase classname="tests.unit.signatures.test_stripe" name="test_user_header_conflict_is_case_insensitive_and_classified" time="0.001" /><testcase classname="tests.unit.signatures.test_stripe" name="test_settings_and_rotation_key_shapes_are_strictly_bounded" time="0.002" /><testcase classname="tests.unit.signatures.test_stripe" name="test_duplicate_and_excess_rotation_keys_are_rejected" time="0.002" /><testcase classname="tests.unit.signatures.test_stripe" name="test_signer_constructor_accepts_only_opaque_secret_handles" time="0.001" /><testcase classname="tests.unit.signatures.test_stripe" name="test_signer_copy_pickle_bytes_and_model_dumps_are_canary_safe" time="0.001" /><testcase classname="tests.unit.signatures.test_stripe" name="test_secret_callback_failure_drops_exception_canary" time="0.002" /><testcase classname="tests.unit.signatures.test_stripe" name="test_local_registration_and_protocol_contract_are_complete" time="0.002" /><testcase classname="tests.unit.signatures.test_stripe" name="test_canonical_message_preserves_subsecond_floor_and_binary_bytes" time="0.001" /><testcase classname="tests.unit.test_errors" name="test_authoritative_enum_values_are_exhaustive" time="0.001" /><testcase classname="tests.unit.test_errors" name="test_result_to_exit_mapping_is_total_and_preserves_distinct_names" time="0.001" /><testcase classname="tests.unit.test_errors" name="test_configuration_resource_limit_is_invalid_input_with_safe_remediation" time="0.001" /><testcase classname="tests.unit.test_errors" name="test_diagnostic_serialization_round_trip_is_strict_and_immutable" time="0.001" /><testcase classname="tests.unit.test_errors" name="test_diagnostic_rejects_empty_or_terminal_unsafe_text[message- ]" time="0.001" /><testcase classname="tests.unit.test_errors" name="test_diagnostic_rejects_empty_or_terminal_unsafe_text[message-unsafe\x1b[31m]" time="0.001" /><testcase classname="tests.unit.test_errors" name="test_diagnostic_rejects_empty_or_terminal_unsafe_text[field_path-]" time="0.002" /><testcase classname="tests.unit.test_errors" name="test_diagnostic_rejects_empty_or_terminal_unsafe_text[field_path-receiver.url\nnext]" time="0.001" /><testcase classname="tests.unit.test_errors" name="test_diagnostic_rejects_empty_or_terminal_unsafe_text[entity_id-attempt id]" time="0.001" /><testcase classname="tests.unit.test_errors" name="test_diagnostic_rejects_empty_or_terminal_unsafe_text[incident_id-incident=id]" time="0.001" /><testcase classname="tests.unit.test_errors" name="test_diagnostic_rejects_nonfinite_nested_safe_details[nan]" time="0.001" /><testcase classname="tests.unit.test_errors" name="test_diagnostic_rejects_nonfinite_nested_safe_details[inf]" time="0.001" /><testcase classname="tests.unit.test_errors" name="test_diagnostic_rejects_nonfinite_nested_safe_details[-inf]" time="0.001" /><testcase classname="tests.unit.test_errors" name="test_diagnostic_location_rejects_empty_and_control_paths" time="0.001" /><testcase classname="tests.unit.test_errors" name="test_user_correctable_diagnostic_requires_reference_and_one_action[None-None-Fix it.]" time="0.001" /><testcase classname="tests.unit.test_errors" name="test_user_correctable_diagnostic_requires_reference_and_one_action[receiver.url-None-]" time="0.001" /><testcase classname="tests.unit.test_errors" name="test_user_correctable_diagnostic_requires_reference_and_one_action[None-attempt_01- ]" time="0.001" /><testcase classname="tests.unit.test_errors" name="test_user_correctable_diagnostic_requires_reference_and_one_action[receiver.url-None-None]" time="0.001" /><testcase classname="tests.unit.test_errors" name="test_entity_remediation_is_valid" time="0.001" /><testcase classname="tests.unit.test_errors" name="test_default_crash_format_is_private" time="0.002" /><testcase classname="tests.unit.test_errors" name="test_debug_crash_format_contains_frames_but_no_messages_or_locals" time="0.001" /><testcase classname="tests.unit.test_errors" name="test_crash_formatter_rejects_an_unrelated_diagnostic" time="0.002" /><testcase classname="tests.unit.test_errors" name="test_generated_incident_ids_are_opaque_bounded_tokens" time="0.001" /><testcase classname="tests.unit.test_errors" name="test_debug_policy_environment_gate_is_explicit[1-True]" time="0.001" /><testcase classname="tests.unit.test_errors" name="test_debug_policy_environment_gate_is_explicit[ TRUE -True]" time="0.001" /><testcase classname="tests.unit.test_errors" name="test_debug_policy_environment_gate_is_explicit[yes-True]" time="0.002" /><testcase classname="tests.unit.test_errors" name="test_debug_policy_environment_gate_is_explicit[on-True]" time="0.001" /><testcase classname="tests.unit.test_errors" name="test_debug_policy_environment_gate_is_explicit[0-False]" time="0.002" /><testcase classname="tests.unit.test_errors" name="test_debug_policy_environment_gate_is_explicit[false-False]" time="0.002" /><testcase classname="tests.unit.test_errors" name="test_debug_policy_environment_gate_is_explicit[unexpected-False]" time="0.002" /><testcase classname="tests.unit.test_errors" name="test_debug_policy_environment_gate_is_explicit[-False]" time="0.001" /><testcase classname="tests.unit.test_errors" name="test_version_metadata_is_independent_and_preserves_schema_strings" time="0.001" /><testcase classname="tests.unit.test_errors" name="test_version_metadata_rejects_malformed_boundary_values[package-1.0]" time="0.002" /><testcase classname="tests.unit.test_errors" name="test_version_metadata_rejects_malformed_boundary_values[package-01.0.0]" time="0.002" /><testcase classname="tests.unit.test_errors" name="test_version_metadata_rejects_malformed_boundary_values[configuration_schema-1]" time="0.001" /><testcase classname="tests.unit.test_errors" name="test_version_metadata_rejects_malformed_boundary_values[manifest_schema-1.0.0]" time="0.001" /><testcase classname="tests.unit.test_errors" name="test_version_metadata_rejects_malformed_boundary_values[observer_protocol-v1.0]" time="0.001" /><testcase classname="tests.unit.test_errors" name="test_version_metadata_rejects_malformed_boundary_values[report_schema-]" time="0.001" /><testcase classname="tests.unit.test_errors" name="test_version_metadata_rejects_malformed_boundary_values[task_index_schema-01.0]" time="0.001" /><testcase classname="tests.unit.test_errors" name="test_version_metadata_rejects_malformed_boundary_values[generator_algorithm-HMAC-SHA256-v1]" time="0.001" /><testcase classname="tests.unit.test_errors" name="test_version_metadata_rejects_malformed_boundary_values[generator_algorithm-]" time="0.001" /><testcase classname="tests.unit.test_errors" name="test_version_metadata_rejects_malformed_boundary_values[sqlite_user_version--1]" time="0.001" /><testcase classname="tests.unit.test_errors" name="test_version_metadata_rejects_malformed_boundary_values[sqlite_user_version-True]" time="0.001" /><testcase classname="tests.unit.test_leak_guard" name="test_identical_baseline_is_leak_free" time="0.001" /><testcase classname="tests.unit.test_leak_guard" name="test_baseline_child_is_an_exact_process_allowlist" time="0.001" /><testcase classname="tests.unit.test_leak_guard" name="test_new_child_and_its_listener_are_reported" time="0.001" /><testcase classname="tests.unit.test_leak_guard" name="test_new_listener_on_pytest_process_is_reported" time="0.001" /><testcase classname="tests.unit.test_leak_guard" name="test_real_inspector_detects_and_releases_current_process_listener" time="0.057" /><testcase classname="tests.unit.test_leak_guard" name="test_real_inspector_detects_and_releases_child_process" time="0.090" /><testcase classname="tests.unit.test_leak_guard" name="test_pytest_session_fails_for_leaked_listener" time="5.241" /><testcase classname="tests.unit.test_leak_guard" name="test_pytest_session_fails_and_cleans_up_leaked_child" time="5.196" /><testcase classname="tests.unit.test_secrets" name="test_environment_reference_resolves_only_inside_callback_and_is_fingerprinted" time="0.001" /><testcase classname="tests.unit.test_secrets" name="test_free_form_interpolation_syntax_is_never_resolved" time="0.001" /><testcase classname="tests.unit.test_secrets" name="test_missing_environment_secret_has_exact_safe_classification" time="0.001" /><testcase classname="tests.unit.test_secrets" name="test_environment_change_after_resolution_fails_without_using_new_value" time="0.001" /><testcase classname="tests.unit.test_secrets" name="test_callback_view_is_read_only_and_released_after_use" time="0.002" /><testcase classname="tests.unit.test_secrets" name="test_callback_exception_is_replaced_after_ephemeral_views_are_wiped" time="0.002" /><testcase classname="tests.unit.test_secrets" name="test_generated_reference_requests_exactly_32_bytes_and_retains_safe_projection" time="0.002" /><testcase classname="tests.unit.test_secrets" name="test_generated_reference_rejects_invalid_entropy_source_without_leak[&lt;lambda&gt;0]" time="0.001" /><testcase classname="tests.unit.test_secrets" name="test_generated_reference_rejects_invalid_entropy_source_without_leak[&lt;lambda&gt;1]" time="0.001" /><testcase classname="tests.unit.test_secrets" name="test_generated_reference_rejects_invalid_entropy_source_without_leak[&lt;lambda&gt;2]" time="0.002" /><testcase classname="tests.unit.test_secrets" name="test_handle_repr_dump_json_copy_pickle_and_bytes_never_expose_secret" time="0.002" /><testcase classname="tests.unit.test_secrets" name="test_resolver_copy_pickle_bytes_and_model_serialization_are_canary_safe" time="0.069" /><testcase classname="tests.unit.test_secrets" name="test_environment_provider_exception_chain_drops_secret_objects" time="0.002" /><testcase classname="tests.unit.test_secrets" name="test_generated_provider_exception_chain_drops_secret_objects" time="0.001" /><testcase classname="tests.unit.test_secrets" name="test_environment_values_reject_empty_oversize_and_invalid_unicode_safely" time="0.007" /><testcase classname="tests.unit.test_secrets" name="test_environment_value_exact_utf8_byte_limit_is_accepted" time="0.011" /><testcase classname="tests.unit.test_secrets" name="test_closed_handle_is_unavailable_and_generated_material_is_not_reported" time="0.001" /><testcase classname="tests.unit.test_secrets" name="test_inline_secret_diagnostic_directs_to_all_reference_kinds_without_literal" time="0.001" /><testcase classname="tests.unit.test_secrets" name="test_correlation_is_equal_within_run_unlinkable_across_runs_and_not_persisted" time="0.001" /><testcase classname="tests.unit.test_secrets" name="test_correlation_accepts_text_and_bytes_with_the_same_utf8_value" time="0.001" /><testcase classname="tests.unit.test_secrets" name="test_correlation_closed_state_and_invalid_inputs_are_safe" time="0.002" /><testcase classname="tests.unit.test_secrets" name="test_file_reference_rejects_traversal_absolute_alternate_and_device_paths[../outside]" time="0.008" /><testcase classname="tests.unit.test_secrets" name="test_file_reference_rejects_traversal_absolute_alternate_and_device_paths[..\\outside]" time="0.007" /><testcase classname="tests.unit.test_secrets" name="test_file_reference_rejects_traversal_absolute_alternate_and_device_paths[.secrets/../outside]" time="0.008" /><testcase classname="tests.unit.test_secrets" name="test_file_reference_rejects_traversal_absolute_alternate_and_device_paths[.secrets\\..\\outside]" time="0.008" /><testcase classname="tests.unit.test_secrets" name="test_file_reference_rejects_traversal_absolute_alternate_and_device_paths[.secrets//key]" time="0.008" /><testcase classname="tests.unit.test_secrets" name="test_file_reference_rejects_traversal_absolute_alternate_and_device_paths[.secrets\\\\key]" time="0.009" /><testcase classname="tests.unit.test_secrets" name="test_file_reference_rejects_traversal_absolute_alternate_and_device_paths[/absolute/key]" time="0.009" /><testcase classname="tests.unit.test_secrets" name="test_file_reference_rejects_traversal_absolute_alternate_and_device_paths[\\absolute\\key]" time="0.009" /><testcase classname="tests.unit.test_secrets" name="test_file_reference_rejects_traversal_absolute_alternate_and_device_paths[C:\\outside\\key]" time="0.009" /><testcase classname="tests.unit.test_secrets" name="test_file_reference_rejects_traversal_absolute_alternate_and_device_paths[\\\\server\\share\\key]" time="0.009" /><testcase classname="tests.unit.test_secrets" name="test_file_reference_rejects_traversal_absolute_alternate_and_device_paths[.secrets/NUL]" time="0.008" /><testcase classname="tests.unit.test_secrets" name="test_file_reference_rejects_traversal_absolute_alternate_and_device_paths[.secrets/COM1.txt]" time="0.009" /><testcase classname="tests.unit.test_secrets" name="test_file_reference_rejects_traversal_absolute_alternate_and_device_paths[.secrets/key:stream]" time="0.008" /><testcase classname="tests.unit.test_secrets" name="test_file_reference_rejects_traversal_absolute_alternate_and_device_paths[.secrets/key.]" time="0.010" /><testcase classname="tests.unit.test_secrets" name="test_file_reference_requires_explicit_containing_root" time="0.010" /><testcase classname="tests.unit.test_secrets" name="test_file_reference_loads_exact_bytes_with_both_portable_separators" time="0.057" /><testcase classname="tests.unit.test_secrets" name="test_file_reference_missing_file_is_safe_key_unavailable" time="0.012" /><testcase classname="tests.unit.test_secrets" name="test_file_reference_rejects_directory_and_empty_file" time="0.017" /><testcase classname="tests.unit.test_secrets" name="test_file_reference_rejects_oversize_before_callback" time="0.035" /><testcase classname="tests.unit.test_secrets" name="test_file_reference_rejects_non_owner_only_permissions" time="0.001"><skipped type="pytest.skip" message="owner/mode-bit policy is POSIX-only">WORKSPACE\tests\unit\test_secrets.py:632: owner/mode-bit policy is POSIX-only</skipped></testcase><testcase classname="tests.unit.test_secrets" name="test_windows_file_reference_accepts_private_temp_acl" time="0.024" /><testcase classname="tests.unit.test_secrets" name="test_windows_file_reference_rejects_broad_read_acl[S-1-1-0]" time="0.046" /><testcase classname="tests.unit.test_secrets" name="test_windows_file_reference_rejects_broad_read_acl[S-1-5-7]" time="0.039" /><testcase classname="tests.unit.test_secrets" name="test_windows_file_reference_rejects_broad_read_acl[S-1-5-11]" time="0.046" /><testcase classname="tests.unit.test_secrets" name="test_windows_file_reference_rejects_broad_read_acl[S-1-5-32-545]" time="0.038" /><testcase classname="tests.unit.test_secrets" name="test_windows_file_reference_rejects_inherited_broad_read_acl" time="0.034" /><testcase classname="tests.unit.test_secrets" name="test_windows_acl_introspection_failure_is_safe_and_fail_closed" time="0.016" /><testcase classname="tests.unit.test_secrets" name="test_file_reference_rejects_fifo_without_blocking" time="0.001"><skipped type="pytest.skip" message="FIFO creation is POSIX-only">WORKSPACE\tests\unit\test_secrets.py:722: FIFO creation is POSIX-only</skipped></testcase><testcase classname="tests.unit.test_secrets" name="test_file_reference_rejects_final_symlink_to_external_canary" time="0.009"><skipped type="pytest.skip" message="symlink creation unavailable: OSError">WORKSPACE\tests\unit\test_secrets.py:116: symlink creation unavailable: OSError</skipped></testcase><testcase classname="tests.unit.test_secrets" name="test_file_reference_rejects_parent_symlink_escape" time="0.057" /><testcase classname="tests.unit.test_secrets" name="test_file_reference_rejects_configured_root_reparse_escape" time="0.052" /><testcase classname="tests.unit.test_secrets" name="test_file_symlink_swap_after_fingerprint_cannot_read_external_canary" time="0.030"><skipped type="pytest.skip" message="symlink creation unavailable: OSError">WORKSPACE\tests\unit\test_secrets.py:116: symlink creation unavailable: OSError</skipped></testcase><testcase classname="tests.unit.test_secrets" name="test_file_parent_reparse_swap_after_fingerprint_cannot_read_external_canary" time="0.063" /><testcase classname="tests.unit.test_secrets" name="test_file_regular_content_change_is_detected_before_callback" time="0.050" /><testcase classname="tests.unit.test_secrets" name="test_observer_credentials_compare_through_handle_with_one_safe_failure" time="0.002" /><testcase classname="tests.unit.test_secrets" name="test_observer_changed_or_missing_resolved_credential_is_auth_error" time="0.001" /><testcase classname="tests.unit.test_secrets" name="test_complete_run_directory_canary_scan_contains_only_safe_projections" time="0.093" /></testsuite></testsuites>
